<?xml version="1.0" encoding="UTF-8"?>
<!-- Generated by org.testng.reporters.JUnitReportReporter -->
<testsuite hostname="NODE511" name="com.selenium.project.seleniumDemo.RodenField1Test" tests="1" failures="0" timestamp="9 Sep 2016 05:46:11 GMT" time="38.166" errors="0">
  <testcase name="t1" time="38.166" classname="com.selenium.project.seleniumDemo.RodenField1Test"/>
</testsuite> <!-- com.selenium.project.seleniumDemo.RodenField1Test -->
