<?xml version="1.0" encoding="UTF-8"?>
<!-- Generated by org.testng.reporters.JUnitReportReporter -->
<testsuite hostname="NODE511" name="com.selenium.project.seleniumDemo.RodenField2Test" tests="1" failures="0" timestamp="9 Sep 2016 05:46:11 GMT" time="54.151" errors="0">
  <testcase name="t2" time="54.151" classname="com.selenium.project.seleniumDemo.RodenField2Test"/>
</testsuite> <!-- com.selenium.project.seleniumDemo.RodenField2Test -->
