<?xml version="1.0" encoding="UTF-8"?>
<!-- Generated by org.testng.reporters.JUnitReportReporter -->
<testsuite hostname="NODE511" name="com.selenium.project.seleniumDemo.RodenFieldTest1" tests="1" failures="0" timestamp="8 Sep 2016 11:20:38 GMT" time="38.888" errors="0">
  <testcase name="t1" time="38.888" classname="com.selenium.project.seleniumDemo.RodenFieldTest1"/>
</testsuite> <!-- com.selenium.project.seleniumDemo.RodenFieldTest1 -->
