<?xml version="1.0" encoding="UTF-8"?>
<!-- Generated by org.testng.reporters.JUnitReportReporter -->
<testsuite hostname="NODE511" name="com.selenium.project.seleniumDemo.RodenFieldTest2" tests="1" failures="0" timestamp="8 Sep 2016 10:35:13 GMT" time="56.652" errors="0">
  <testcase name="t2" time="56.652" classname="com.selenium.project.seleniumDemo.RodenFieldTest2"/>
</testsuite> <!-- com.selenium.project.seleniumDemo.RodenFieldTest2 -->
